[2013-11-27 19:13:50] START
[2013-11-27 20:05:45] EDIT einkauf/models/db.py: -25
[2013-11-27 20:05:50] EDIT einkauf/models/db.py: 0
[2013-11-27 20:06:02] EDIT einkauf/models/db.py: 0
[2013-11-27 20:06:49] EDIT einkauf/models/db.py: 0
[2013-11-27 20:06:59] EDIT einkauf/models/db.py: 0
[2013-11-27 20:13:32] EDIT einkauf/models/db.py: 0
[2013-11-27 20:13:35] EDIT einkauf/models/db.py: 0
[2013-11-27 20:13:39] EDIT einkauf/models/db.py: 0
[2013-11-27 20:13:50] EDIT einkauf/models/db.py: 0
[2013-11-27 20:14:12] EDIT einkauf/models/db.py: 0
[2013-11-27 20:15:00] EDIT einkauf/models/db.py: 1
[2013-11-27 20:15:15] EDIT einkauf/models/db.py: 0
[2013-11-27 20:15:59] EDIT einkauf/models/db.py: 0
[2013-11-27 20:16:00] EDIT einkauf/models/db.py: 0
[2013-11-27 20:22:52] EDIT einkauf/models/db.py: 0
[2013-11-27 20:28:52] EDIT einkauf/models/db.py: 1
[2013-11-27 20:29:08] EDIT einkauf/models/db.py: 0
[2013-11-27 20:29:10] EDIT einkauf/models/db.py: 0
[2013-11-27 20:29:12] EDIT einkauf/models/db.py: 0
[2013-11-27 20:29:18] EDIT einkauf/models/db.py: 0
[2013-11-27 20:42:24] EDIT einkauf/models/db.py: 0
[2013-11-27 20:42:28] EDIT einkauf/models/db.py: 0
[2013-11-27 20:45:22] EDIT einkauf/models/db.py: 0
[2013-11-27 20:45:24] EDIT einkauf/models/db.py: 0
[2013-11-27 20:45:34] EDIT einkauf/models/db.py: 0
[2013-11-27 20:54:07] EDIT einkauf/models/db.py: 1
[2013-11-27 20:54:11] EDIT einkauf/models/db.py: 0
[2013-11-27 20:54:19] EDIT einkauf/models/db.py: 0
[2013-11-27 21:12:01] EDIT einkauf/models/db.py: -1
[2013-11-27 21:29:34] EDIT einkauf/models/db.py: 0
[2013-11-27 21:56:47] EDIT einkauf/models/db.py: 0
[2013-11-27 21:56:49] EDIT einkauf/models/db.py: 0
[2013-11-27 21:57:21] EDIT einkauf/models/db.py: 0
[2013-11-27 21:59:52] EDIT einkauf/models/db.py: 0
[2013-11-27 22:00:01] EDIT einkauf/models/db.py: 0
[2013-11-27 22:00:09] EDIT einkauf/models/db.py: 1
[2013-11-27 22:00:16] EDIT einkauf/models/db.py: 0
[2013-11-27 22:00:37] EDIT einkauf/models/db.py: 0
[2013-11-27 22:01:12] EDIT einkauf/models/db.py: 0
[2013-11-27 23:22:03] EDIT einkauf/models/db.py: -2
[2013-11-27 23:22:09] EDIT einkauf/models/db.py: 0
[2013-11-27 23:22:42] EDIT einkauf/models/db.py: 0
[2013-11-27 23:24:53] EDIT einkauf/models/db.py: 0
[2013-11-27 23:35:36] EDIT einkauf/models/db.py: 26
[2013-11-27 23:36:08] EDIT einkauf/models/db.py: 1
[2013-11-27 23:46:45] EDIT einkauf/models/db.py: -1
[2013-11-27 23:46:49] EDIT einkauf/models/db.py: 0
[2013-11-27 23:47:09] EDIT einkauf/models/db.py: 1
[2013-11-27 23:47:52] EDIT einkauf/models/db.py: 0
[2013-11-27 23:48:09] EDIT einkauf/models/db.py: 0
[2013-11-27 23:48:24] EDIT einkauf/models/db.py: 0
[2013-11-27 23:48:34] EDIT einkauf/models/db.py: 0
[2013-11-27 23:49:06] EDIT einkauf/models/db.py: 0
[2013-11-27 23:49:35] EDIT einkauf/models/db.py: 0
[2013-11-28 18:12:04] EDIT einkauf/models/db.py: 0
[2013-11-28 18:12:40] EDIT einkauf/models/db.py: 1
[2013-11-28 18:13:29] EDIT einkauf/models/db.py: 0
[2013-11-28 18:13:37] EDIT einkauf/models/db.py: 0
[2013-11-28 18:13:58] EDIT einkauf/models/db.py: 0
[2013-11-28 18:14:02] EDIT einkauf/models/db.py: 0
[2013-11-28 18:14:41] EDIT einkauf/models/db.py: 1
[2013-11-28 18:14:58] EDIT einkauf/models/db.py: 0
[2013-11-28 18:14:59] EDIT einkauf/models/db.py: 0
[2013-11-28 18:22:22] EDIT einkauf/models/db.py: 0
[2013-11-28 18:58:48] EDIT einkauf/models/db.py: 0
[2013-11-28 19:03:59] EDIT einkauf/models/db.py: 0
[2013-11-28 19:04:01] EDIT einkauf/models/db.py: 0
[2013-11-28 19:04:06] EDIT einkauf/models/db.py: 0
[2013-11-28 19:04:28] EDIT einkauf/models/db.py: 0
[2013-11-28 19:19:08] EDIT einkauf/models/db.py: 1
[2013-11-28 19:19:38] EDIT einkauf/models/db.py: 1
[2013-11-28 19:19:47] EDIT einkauf/models/db.py: 0
[2013-11-28 19:22:00] EDIT einkauf/models/db.py: 0
[2013-11-28 19:22:23] EDIT einkauf/models/db.py: 1
[2013-11-28 19:22:29] EDIT einkauf/models/db.py: 0
[2013-11-28 19:23:03] EDIT einkauf/models/db.py: 0
[2013-11-28 19:32:55] EDIT einkauf/views/default/index.html: -25
[2013-11-28 19:33:05] EDIT einkauf/views/default/index.html: 0
[2013-11-28 19:34:27] EDIT einkauf/controllers/default.py: -8
[2013-11-28 19:34:53] EDIT einkauf/controllers/default.py: 1
[2013-11-28 19:34:58] EDIT einkauf/controllers/default.py: 0
[2013-11-28 19:35:03] EDIT einkauf/controllers/default.py: 0
[2013-11-28 19:35:37] EDIT einkauf/controllers/default.py: 1
[2013-11-28 19:35:44] EDIT einkauf/controllers/default.py: 0
[2013-11-28 19:37:02] EDIT einkauf/views/default/index.html: 0
[2013-11-28 19:37:10] EDIT einkauf/views/default/index.html: 0
[2013-11-28 19:37:21] EDIT einkauf/views/default/index.html: 0
[2013-11-28 19:58:34] EDIT einkauf/models/db.py: 0
[2013-11-28 19:59:17] EDIT einkauf/models/db.py: 0
[2013-11-28 19:59:44] EDIT einkauf/models/db.py: 0
[2013-11-28 20:16:58] EDIT einkauf/models/db.py: 0
[2013-11-28 20:17:09] EDIT einkauf/models/db.py: 0
[2013-11-28 20:18:18] EDIT einkauf/models/db.py: 0
[2013-11-28 20:31:35] EDIT einkauf/models/db.py: 0
[2013-11-28 20:31:49] EDIT einkauf/models/db.py: 0
[2013-11-28 20:31:53] EDIT einkauf/models/db.py: 0
[2013-11-28 20:37:40] EDIT einkauf/models/db.py: 0
[2013-11-28 20:40:16] EDIT einkauf/models/db.py: 0
[2013-11-28 20:50:38] EDIT einkauf/models/db.py: 0
[2013-11-28 20:52:00] EDIT einkauf/models/db.py: 0
[2013-11-28 20:54:45] EDIT einkauf/models/db.py: 0
[2013-11-28 21:00:23] EDIT einkauf/models/db.py: 0
[2013-11-28 21:00:35] EDIT einkauf/models/db.py: 0
[2013-11-28 21:00:48] EDIT einkauf/models/db.py: 0
[2013-11-28 21:35:04] EDIT einkauf/models/db.py: 0
[2013-11-28 21:43:47] EDIT einkauf/views/default/index.html: 2
[2013-11-28 21:44:07] EDIT einkauf/views/default/index.html: 0
[2013-11-28 21:44:32] EDIT einkauf/views/default/index.html: 0
[2013-11-28 21:51:23] EDIT einkauf/views/default/index.html: 0
[2013-11-29 00:11:00] EDIT einkauf/models/db.py: 0
[2013-11-29 00:13:08] EDIT einkauf/models/db.py: 0
[2013-11-29 00:22:15] EDIT einkauf/models/db.py: 1
[2013-11-29 00:22:32] EDIT einkauf/models/db.py: 0
[2013-11-29 00:23:00] EDIT einkauf/models/db.py: 1
[2013-11-29 00:23:03] EDIT einkauf/models/db.py: 0
[2013-11-29 00:24:33] EDIT einkauf/models/db.py: 0
[2013-11-29 00:24:37] EDIT einkauf/models/db.py: 0
[2013-11-29 00:29:21] EDIT einkauf/models/db.py: 0
[2013-11-29 00:31:32] EDIT einkauf/models/db.py: 0
[2013-11-29 00:55:24] EDIT einkauf/models/db.py: 0
[2013-11-29 00:55:35] EDIT einkauf/models/db.py: 0
[2013-11-29 00:57:25] EDIT einkauf/models/db.py: -2
[2013-11-29 01:01:58] EDIT einkauf/models/db.py: 0
[2013-11-29 01:03:34] EDIT einkauf/models/db.py: 0
[2013-11-29 01:45:25] EDIT einkauf/models/db.py: 0
[2013-11-29 01:46:59] EDIT einkauf/models/db.py: 0
[2013-11-29 01:47:43] EDIT einkauf/models/db.py: 0
[2013-11-29 01:47:51] EDIT einkauf/models/db.py: 0
[2013-11-29 01:52:19] EDIT einkauf/models/db.py: 9
[2013-11-29 01:52:22] EDIT einkauf/models/db.py: 0
[2013-11-29 01:55:04] EDIT einkauf/models/db.py: 0
[2013-11-29 01:55:20] EDIT einkauf/models/db.py: 0
[2013-11-29 01:56:20] EDIT einkauf/models/db.py: -3
[2013-11-29 01:57:36] EDIT einkauf/models/db.py: 1
[2013-11-29 01:59:33] EDIT einkauf/models/db.py: 2
[2013-11-29 02:07:57] EDIT einkauf/models/db.py: 1
[2013-11-29 02:08:34] EDIT einkauf/models/db.py: 1
[2013-11-29 02:08:39] EDIT einkauf/models/db.py: 0
[2013-11-29 21:16:44] EDIT einkauf/controllers/default.py: 0
[2013-11-29 21:16:54] EDIT einkauf/controllers/default.py: 0
[2013-11-29 21:17:06] EDIT einkauf/controllers/default.py: 0
[2013-11-29 21:17:11] EDIT einkauf/controllers/default.py: 0
[2013-11-29 21:18:58] EDIT einkauf/controllers/default.py: 0
[2013-11-29 21:21:53] EDIT einkauf/views/default/index.html: 0
[2013-11-29 21:21:57] EDIT einkauf/views/default/index.html: 0
[2013-11-29 21:22:04] EDIT einkauf/views/default/index.html: 0
[2013-11-29 21:23:28] EDIT einkauf/models/db.py: 1
[2013-11-29 21:23:56] EDIT einkauf/views/default/index.html: 0
[2013-11-29 21:28:13] EDIT einkauf/models/db.py: 0
[2013-11-29 21:28:24] EDIT einkauf/controllers/default.py: 0
[2013-11-29 21:32:18] EDIT einkauf/models/db.py: 0
[2013-11-29 21:32:19] EDIT einkauf/models/db.py: 0
[2013-11-29 21:39:22] EDIT einkauf/views/default/index.html: 0
[2013-11-29 21:39:29] EDIT einkauf/controllers/default.py: 0
[2013-11-29 21:45:10] EDIT einkauf/views/default/index.html: 0
[2013-11-29 21:45:26] EDIT einkauf/views/default/index.html: 0
[2013-11-29 21:48:24] EDIT einkauf/views/default/index.html: 0
[2013-11-29 21:49:14] EDIT einkauf/views/default/index.html: 0
[2013-11-29 21:49:39] EDIT einkauf/views/default/index.html: 0
[2013-11-29 21:49:40] EDIT einkauf/views/default/index.html: 0
[2013-11-29 21:50:56] EDIT einkauf/controllers/default.py: 0
[2013-11-29 21:51:07] EDIT einkauf/views/default/index.html: 0
[2013-11-29 22:05:21] EDIT einkauf/controllers/default.py: 0
[2013-11-29 22:05:41] EDIT einkauf/views/default/index.html: 0
[2013-11-29 22:06:04] EDIT einkauf/controllers/default.py: 0
[2013-11-29 22:06:10] EDIT einkauf/controllers/default.py: 0
[2013-11-29 22:08:44] EDIT einkauf/controllers/default.py: 1
[2013-11-29 22:08:50] EDIT einkauf/controllers/default.py: 0
[2013-11-29 22:08:56] EDIT einkauf/controllers/default.py: 0
[2013-11-29 22:09:38] EDIT einkauf/views/default/index.html: 7
[2013-11-29 22:09:40] EDIT einkauf/views/default/index.html: 0
[2013-11-29 22:12:45] EDIT einkauf/views/default/index.html: 0
[2013-11-29 22:12:54] EDIT einkauf/views/default/index.html: 0
[2013-11-29 22:13:25] EDIT einkauf/views/default/index.html: 1
[2013-11-29 22:13:42] EDIT einkauf/views/default/index.html: 0
[2013-11-29 22:14:01] EDIT einkauf/views/default/index.html: 0
[2013-11-29 22:22:24] EDIT einkauf/controllers/default.py: 0
[2013-11-29 22:22:36] EDIT einkauf/controllers/default.py: 0
[2013-11-29 22:22:52] EDIT einkauf/views/default/index.html: 0
[2013-11-29 22:27:27] EDIT einkauf/controllers/default.py: 0
[2013-11-29 22:28:01] EDIT einkauf/controllers/default.py: 0
[2013-11-29 22:28:15] EDIT einkauf/controllers/default.py: 0
[2013-11-29 22:29:25] EDIT einkauf/views/default/index.html: 0
[2013-11-29 22:29:59] EDIT einkauf/views/default/index.html: 0
[2013-11-29 22:30:11] EDIT einkauf/views/default/index.html: 0
[2013-12-05 19:58:47] EDIT Einkauf/models/menu.py: 0
[2013-12-05 19:59:25] EDIT Einkauf/models/menu.py: 0
[2013-12-10 19:49:36] EDIT Einkauf/models/db.py: 25
[2013-12-10 19:50:42] EDIT Einkauf/models/db.py: -5
[2013-12-10 19:52:53] EDIT Einkauf/models/db.py: 0
[2013-12-10 19:53:12] EDIT Einkauf/models/db.py: 1
[2013-12-10 19:53:47] EDIT Einkauf/models/db.py: 0
[2013-12-10 19:54:10] EDIT Einkauf/models/db.py: -2
[2013-12-10 19:57:33] EDIT Einkauf/models/db.py: -19
[2013-12-10 21:07:50] EDIT Einkauf/controllers/default.py: -1
[2013-12-10 21:07:52] EDIT Einkauf/controllers/default.py: 0
[2013-12-10 21:07:52] EDIT Einkauf/controllers/default.py: 0
[2013-12-10 21:08:49] EDIT Einkauf/controllers/default.py: 1
[2013-12-10 21:09:08] EDIT Einkauf/controllers/default.py: 0
[2013-12-10 21:09:22] EDIT Einkauf/controllers/default.py: 1
[2013-12-10 21:10:20] EDIT Einkauf/controllers/default.py: 1
[2013-12-10 21:30:57] EDIT Einkauf/controllers/default.py: 0
[2013-12-10 21:34:21] EDIT Einkauf/controllers/default.py: 0
[2013-12-10 21:37:55] EDIT Einkauf/controllers/default.py: 0
[2013-12-10 21:38:52] EDIT Einkauf/controllers/default.py: 0
[2013-12-10 21:43:21] EDIT Einkauf/controllers/default.py: 0
[2013-12-10 21:47:48] EDIT Einkauf/controllers/default.py: -2
[2013-12-10 21:47:53] EDIT Einkauf/controllers/default.py: 0
[2013-12-10 21:47:55] EDIT Einkauf/controllers/default.py: 0
[2013-12-10 21:48:20] EDIT Einkauf/controllers/default.py: 1
[2013-12-10 21:48:41] EDIT Einkauf/controllers/default.py: -1
[2013-12-10 21:49:23] EDIT Einkauf/models/db.py: 0
[2013-12-10 21:49:52] EDIT Einkauf/models/db.py: -1
[2013-12-10 21:52:09] EDIT Einkauf/controllers/default.py: 1
[2013-12-10 21:52:13] EDIT Einkauf/controllers/default.py: 0
[2013-12-10 21:52:45] EDIT Einkauf/controllers/default.py: 0
[2013-12-10 21:52:49] EDIT Einkauf/controllers/default.py: 0
[2013-12-10 21:53:22] EDIT Einkauf/controllers/default.py: 1
[2013-12-10 21:53:27] EDIT Einkauf/controllers/default.py: 0
