timestamp: 2014-01-07T20:28:40.577802
CREATE TABLE auth_user(
    id INTEGER PRIMARY KEY AUTOINCREMENT,
    first_name CHAR(128),
    last_name CHAR(128),
    email CHAR(512),
    username CHAR(128),
    password CHAR(512),
    registration_key CHAR(512),
    reset_password_key CHAR(512),
    registration_id CHAR(512)
);
success!
timestamp: 2014-01-07T20:28:40.686586
CREATE TABLE auth_group(
    id INTEGER PRIMARY KEY AUTOINCREMENT,
    role CHAR(512),
    description TEXT
);
success!
timestamp: 2014-01-07T20:28:40.770665
CREATE TABLE auth_membership(
    id INTEGER PRIMARY KEY AUTOINCREMENT,
    user_id INTEGER REFERENCES auth_user (id) ON DELETE CASCADE,
    group_id INTEGER REFERENCES auth_group (id) ON DELETE CASCADE
);
success!
timestamp: 2014-01-07T20:28:40.854069
CREATE TABLE auth_permission(
    id INTEGER PRIMARY KEY AUTOINCREMENT,
    group_id INTEGER REFERENCES auth_group (id) ON DELETE CASCADE,
    name CHAR(512),
    table_name CHAR(512),
    record_id INTEGER
);
success!
timestamp: 2014-01-07T20:28:40.938434
CREATE TABLE auth_event(
    id INTEGER PRIMARY KEY AUTOINCREMENT,
    time_stamp TIMESTAMP,
    client_ip CHAR(512),
    user_id INTEGER REFERENCES auth_user (id) ON DELETE CASCADE,
    origin CHAR(512),
    description TEXT
);
success!
timestamp: 2014-01-07T20:28:41.030903
CREATE TABLE auth_cas(
    id INTEGER PRIMARY KEY AUTOINCREMENT,
    user_id INTEGER REFERENCES auth_user (id) ON DELETE CASCADE,
    created_on TIMESTAMP,
    service CHAR(512),
    ticket CHAR(512),
    renew CHAR(1)
);
success!
timestamp: 2014-01-07T20:28:41.122694
CREATE TABLE item(
    id INTEGER PRIMARY KEY AUTOINCREMENT,
    name CHAR(512) UNIQUE
);
success!
timestamp: 2014-01-07T20:28:41.215295
CREATE TABLE req(
    id INTEGER PRIMARY KEY AUTOINCREMENT,
    req_id INTEGER REFERENCES item (id) ON DELETE CASCADE,
    quantity INTEGER,
    datum DATE,
    applicant INTEGER REFERENCES auth_user (id) ON DELETE CASCADE
);
success!
timestamp: 2014-01-07T20:28:41.298657
CREATE TABLE shop(
    id INTEGER PRIMARY KEY AUTOINCREMENT,
    name CHAR(512) UNIQUE
);
success!
timestamp: 2014-01-07T20:28:41.382786
CREATE TABLE purchase(
    id INTEGER PRIMARY KEY AUTOINCREMENT,
    pur_id INTEGER REFERENCES req (id) ON DELETE CASCADE,
    quantity INTEGER,
    price DOUBLE,
    datum DATE,
    purchaser INTEGER REFERENCES auth_user (id) ON DELETE CASCADE
);
success!
